# JRE version: Java(TM) SE Runtime Environment (24.0.2+12) (build 24.0.2+12-54)
# Java VM: Java HotSpot(TM) 64-Bit Server VM (24.0.2+12-54, mixed mode, sharing, tiered, compressed oops, compressed class ptrs, g1 gc, windows-amd64)
GC Precious Log:
 CardTable entry size: 512
 Card Set container configuration: InlinePtr #cards 5 size 8 Array Of Cards #cards 10 size 36 Howl #buckets 4 coarsen threshold 1843 Howl Bitmap #cards 512 size 80 coarsen threshold 460 Card regions per heap region 1 cards per card region 2048
 CPUs: 8 total, 8 available
 Memory: 5965M
 Large Page Support: Disabled
 NUMA Support: Disabled
 Compressed Oops: Enabled (32-bit)
 Heap Region Size: 1M
 Heap Min Capacity: 8M
 Heap Initial Capacity: 94M
 Heap Max Capacity: 1492M
 Pre-touch: Disabled
 Parallel Workers: 8
 Concurrent Workers: 2
 Concurrent Refinement Workers: 8
 Periodic GC: Disabled
 String Deduplication is enabled
Heap:
 garbage-first heap   total reserved 1527808K, committed 263168K, used 140737K [0x00000000a2c00000, 0x0000000100000000)
  region size 1024K, 16 young (16384K), 11 survivors (11264K)
 Metaspace       used 103090K, committed 106240K, reserved 1179648K
  class space    used 10488K, committed 11712K, reserved 1048576K
GC Heap History (20 events):
Event: 1512.133 GC heap before
{Heap before GC invocations=94 (full 0):
 garbage-first heap   total reserved 1527808K, committed 263168K, used 231380K [0x00000000a2c00000, 0x0000000100000000)
  region size 1024K, 106 young (108544K), 14 survivors (14336K)
 Metaspace       used 102223K, committed 105344K, reserved 1179648K
  class space    used 10455K, committed 11648K, reserved 1048576K
}
Event: 1512.157 GC heap after
{Heap after GC invocations=95 (full 0):
 garbage-first heap   total reserved 1527808K, committed 263168K, used 144800K [0x00000000a2c00000, 0x0000000100000000)
  region size 1024K, 6 young (6144K), 6 survivors (6144K)
 Metaspace       used 102223K, committed 105344K, reserved 1179648K
  class space    used 10455K, committed 11648K, reserved 1048576K
}
Event: 1513.953 GC heap before
{Heap before GC invocations=96 (full 0):
 garbage-first heap   total reserved 1527808K, committed 263168K, used 232864K [0x00000000a2c00000, 0x0000000100000000)
  region size 1024K, 95 young (97280K), 6 survivors (6144K)
 Metaspace       used 102072K, committed 105344K, reserved 1179648K
  class space    used 10400K, committed 11648K, reserved 1048576K
}
Event: 1513.974 GC heap after
{Heap after GC invocations=97 (full 0):
 garbage-first heap   total reserved 1527808K, committed 263168K, used 150514K [0x00000000a2c00000, 0x0000000100000000)
  region size 1024K, 12 young (12288K), 12 survivors (12288K)
 Metaspace       used 102072K, committed 105344K, reserved 1179648K
  class space    used 10400K, committed 11648K, reserved 1048576K
}
Event: 1827.191 GC heap before
{Heap before GC invocations=97 (full 0):
 garbage-first heap   total reserved 1527808K, committed 263168K, used 233458K [0x00000000a2c00000, 0x0000000100000000)
  region size 1024K, 93 young (95232K), 12 survivors (12288K)
 Metaspace       used 102088K, committed 105344K, reserved 1179648K
  class space    used 10401K, committed 11648K, reserved 1048576K
}
Event: 1827.227 GC heap after
{Heap after GC invocations=98 (full 0):
 garbage-first heap   total reserved 1527808K, committed 263168K, used 136458K [0x00000000a2c00000, 0x0000000100000000)
  region size 1024K, 4 young (4096K), 4 survivors (4096K)
 Metaspace       used 102088K, committed 105344K, reserved 1179648K
  class space    used 10401K, committed 11648K, reserved 1048576K
}
Event: 2116.070 GC heap before
{Heap before GC invocations=98 (full 0):
 garbage-first heap   total reserved 1527808K, committed 263168K, used 234762K [0x00000000a2c00000, 0x0000000100000000)
  region size 1024K, 100 young (102400K), 4 survivors (4096K)
 Metaspace       used 102096K, committed 105344K, reserved 1179648K
  class space    used 10402K, committed 11648K, reserved 1048576K
}
Event: 2116.083 GC heap after
{Heap after GC invocations=99 (full 0):
 garbage-first heap   total reserved 1527808K, committed 263168K, used 138115K [0x00000000a2c00000, 0x0000000100000000)
  region size 1024K, 6 young (6144K), 6 survivors (6144K)
 Metaspace       used 102096K, committed 105344K, reserved 1179648K
  class space    used 10402K, committed 11648K, reserved 1048576K
}
Event: 2121.324 GC heap before
{Heap before GC invocations=100 (full 0):
 garbage-first heap   total reserved 1527808K, committed 263168K, used 228227K [0x00000000a2c00000, 0x0000000100000000)
  region size 1024K, 103 young (105472K), 6 survivors (6144K)
 Metaspace       used 102269K, committed 105408K, reserved 1179648K
  class space    used 10407K, committed 11648K, reserved 1048576K
}
Event: 2121.334 GC heap after
{Heap after GC invocations=101 (full 0):
 garbage-first heap   total reserved 1527808K, committed 263168K, used 126710K [0x00000000a2c00000, 0x0000000100000000)
  region size 1024K, 4 young (4096K), 4 survivors (4096K)
 Metaspace       used 102269K, committed 105408K, reserved 1179648K
  class space    used 10407K, committed 11648K, reserved 1048576K
}
Event: 2124.309 GC heap before
{Heap before GC invocations=101 (full 0):
 garbage-first heap   total reserved 1527808K, committed 263168K, used 239350K [0x00000000a2c00000, 0x0000000100000000)
  region size 1024K, 114 young (116736K), 4 survivors (4096K)
 Metaspace       used 103119K, committed 106240K, reserved 1179648K
  class space    used 10499K, committed 11712K, reserved 1048576K
}
Event: 2124.343 GC heap after
{Heap after GC invocations=102 (full 0):
 garbage-first heap   total reserved 1527808K, committed 263168K, used 124379K [0x00000000a2c00000, 0x0000000100000000)
  region size 1024K, 15 young (15360K), 15 survivors (15360K)
 Metaspace       used 103119K, committed 106240K, reserved 1179648K
  class space    used 10499K, committed 11712K, reserved 1048576K
}
Event: 2699.768 GC heap before
{Heap before GC invocations=102 (full 0):
 garbage-first heap   total reserved 1527808K, committed 263168K, used 230875K [0x00000000a2c00000, 0x0000000100000000)
  region size 1024K, 120 young (122880K), 15 survivors (15360K)
 Metaspace       used 103126K, committed 106240K, reserved 1179648K
  class space    used 10499K, committed 11712K, reserved 1048576K
}
Event: 2699.822 GC heap after
{Heap after GC invocations=103 (full 0):
 garbage-first heap   total reserved 1527808K, committed 263168K, used 130883K [0x00000000a2c00000, 0x0000000100000000)
  region size 1024K, 8 young (8192K), 8 survivors (8192K)
 Metaspace       used 103126K, committed 106240K, reserved 1179648K
  class space    used 10499K, committed 11712K, reserved 1048576K
}
Event: 3813.458 GC heap before
{Heap before GC invocations=104 (full 0):
 garbage-first heap   total reserved 1527808K, committed 263168K, used 236355K [0x00000000a2c00000, 0x0000000100000000)
  region size 1024K, 111 young (113664K), 8 survivors (8192K)
 Metaspace       used 103122K, committed 106240K, reserved 1179648K
  class space    used 10497K, committed 11712K, reserved 1048576K
}
Event: 3813.654 GC heap after
{Heap after GC invocations=105 (full 0):
 garbage-first heap   total reserved 1527808K, committed 263168K, used 132317K [0x00000000a2c00000, 0x0000000100000000)
  region size 1024K, 10 young (10240K), 10 survivors (10240K)
 Metaspace       used 103122K, committed 106240K, reserved 1179648K
  class space    used 10497K, committed 11712K, reserved 1048576K
}
Event: 3935.960 GC heap before
{Heap before GC invocations=105 (full 0):
 garbage-first heap   total reserved 1527808K, committed 263168K, used 238813K [0x00000000a2c00000, 0x0000000100000000)
  region size 1024K, 113 young (115712K), 10 survivors (10240K)
 Metaspace       used 103124K, committed 106240K, reserved 1179648K
  class space    used 10497K, committed 11712K, reserved 1048576K
}
Event: 3936.122 GC heap after
{Heap after GC invocations=106 (full 0):
 garbage-first heap   total reserved 1527808K, committed 263168K, used 138672K [0x00000000a2c00000, 0x0000000100000000)
  region size 1024K, 14 young (14336K), 14 survivors (14336K)
 Metaspace       used 103124K, committed 106240K, reserved 1179648K
  class space    used 10497K, committed 11712K, reserved 1048576K
}
Event: 4233.680 GC heap before
{Heap before GC invocations=106 (full 0):
 garbage-first heap   total reserved 1527808K, committed 263168K, used 233904K [0x00000000a2c00000, 0x0000000100000000)
  region size 1024K, 107 young (109568K), 14 survivors (14336K)
 Metaspace       used 103124K, committed 106240K, reserved 1179648K
  class space    used 10497K, committed 11712K, reserved 1048576K
}
Event: 4233.729 GC heap after
{Heap after GC invocations=107 (full 0):
 garbage-first heap   total reserved 1527808K, committed 263168K, used 136641K [0x00000000a2c00000, 0x0000000100000000)
  region size 1024K, 11 young (11264K), 11 survivors (11264K)
 Metaspace       used 103124K, committed 106240K, reserved 1179648K
  class space    used 10497K, committed 11712K, reserved 1048576K
}

